<?xml version="1.0" encoding="UTF-8"?>
<robot generator="Robot 7.3.2 (Python 3.14.0 on win32)" generated="2025-11-21T22:00:52.903163" rpa="false" schemaversion="5">
<suite id="s1" name="PythonProject" source="C:\Users\Asus\PycharmProjects\PythonProject">
<suite id="s1-s1" name="Testcase" source="C:\Users\Asus\PycharmProjects\PythonProject\testcase">
<suite id="s1-s1-s1" name="Demoblaze" source="C:\Users\Asus\PycharmProjects\PythonProject\testcase\demoblaze.robot">
<test id="s1-s1-s1-t1" name="Buy Product Test" line="45">
<kw name="Open BrowserStack Session" owner="browserstack">
<msg time="2025-11-21T22:00:54.357421" level="FAIL">Variable '${browser}' not found.</msg>
<arg>${browser}</arg>
<status status="FAIL" start="2025-11-21T22:00:54.353340" elapsed="0.004162">Variable '${browser}' not found.</status>
</kw>
<kw name="Wait Until Element Is Visible" owner="SeleniumLibrary">
<arg>id:login2</arg>
<arg>10s</arg>
<doc>Waits until the element ``locator`` is visible.</doc>
<status status="NOT RUN" start="2025-11-21T22:00:54.363401" elapsed="0.000068"/>
</kw>
<kw name="Click Element" owner="SeleniumLibrary">
<arg>id:login2</arg>
<doc>Click the element identified by ``locator``.</doc>
<status status="NOT RUN" start="2025-11-21T22:00:54.363720" elapsed="0.000027"/>
</kw>
<kw name="Wait Until Element Is Visible" owner="SeleniumLibrary">
<arg>id:logInModal</arg>
<arg>10s</arg>
<doc>Waits until the element ``locator`` is visible.</doc>
<status status="NOT RUN" start="2025-11-21T22:00:54.363996" elapsed="0.000045"/>
</kw>
<kw name="Input Text" owner="SeleniumLibrary">
<arg>id:loginusername</arg>
<arg>bekzat</arg>
<doc>Types the given ``text`` into the text field identified by ``locator``.</doc>
<status status="NOT RUN" start="2025-11-21T22:00:54.364299" elapsed="0.000030"/>
</kw>
<kw name="Input Text" owner="SeleniumLibrary">
<arg>id:loginpassword</arg>
<arg>123456</arg>
<doc>Types the given ``text`` into the text field identified by ``locator``.</doc>
<status status="NOT RUN" start="2025-11-21T22:00:54.364513" elapsed="0.000023"/>
</kw>
<kw name="Click Button" owner="SeleniumLibrary">
<arg>xpath://button[text()='Log in']</arg>
<doc>Clicks the button identified by ``locator``.</doc>
<status status="NOT RUN" start="2025-11-21T22:00:54.364687" elapsed="0.000020"/>
</kw>
<kw name="Wait Until Element Is Not Visible" owner="SeleniumLibrary">
<arg>id:logInModal</arg>
<arg>10s</arg>
<doc>Waits until the element ``locator`` is not visible.</doc>
<status status="NOT RUN" start="2025-11-21T22:00:54.364846" elapsed="0.000021"/>
</kw>
<kw name="Wait Until Element Is Visible" owner="SeleniumLibrary">
<arg>xpath://a[text()='Samsung galaxy s6']</arg>
<doc>Waits until the element ``locator`` is visible.</doc>
<status status="NOT RUN" start="2025-11-21T22:00:54.365009" elapsed="0.000028"/>
</kw>
<kw name="Click Element" owner="SeleniumLibrary">
<arg>xpath://a[text()='Samsung galaxy s6']</arg>
<doc>Click the element identified by ``locator``.</doc>
<status status="NOT RUN" start="2025-11-21T22:00:54.365275" elapsed="0.000021"/>
</kw>
<kw name="Sleep" owner="BuiltIn">
<arg>2</arg>
<doc>Pauses the test executed for the given time.</doc>
<status status="NOT RUN" start="2025-11-21T22:00:54.365442" elapsed="0.000021"/>
</kw>
<kw name="Wait Until Element Is Visible" owner="SeleniumLibrary">
<arg>xpath://a[text()='Add to cart']</arg>
<arg>15s</arg>
<doc>Waits until the element ``locator`` is visible.</doc>
<status status="NOT RUN" start="2025-11-21T22:00:54.365702" elapsed="0.000030"/>
</kw>
<kw name="Click Element" owner="SeleniumLibrary">
<arg>xpath://a[text()='Add to cart']</arg>
<doc>Click the element identified by ``locator``.</doc>
<status status="NOT RUN" start="2025-11-21T22:00:54.365897" elapsed="0.000021"/>
</kw>
<kw name="Sleep" owner="BuiltIn">
<arg>2</arg>
<doc>Pauses the test executed for the given time.</doc>
<status status="NOT RUN" start="2025-11-21T22:00:54.366084" elapsed="0.000026"/>
</kw>
<kw name="Handle Alert" owner="SeleniumLibrary">
<arg>accept</arg>
<doc>Handles the current alert and returns its message.</doc>
<status status="NOT RUN" start="2025-11-21T22:00:54.366316" elapsed="0.000028"/>
</kw>
<kw name="Click Element" owner="SeleniumLibrary">
<arg>id:cartur</arg>
<doc>Click the element identified by ``locator``.</doc>
<status status="NOT RUN" start="2025-11-21T22:00:54.366501" elapsed="0.000020"/>
</kw>
<kw name="Sleep" owner="BuiltIn">
<arg>3</arg>
<doc>Pauses the test executed for the given time.</doc>
<status status="NOT RUN" start="2025-11-21T22:00:54.366868" elapsed="0.000041"/>
</kw>
<kw name="Wait Until Page Contains Element" owner="SeleniumLibrary">
<arg>xpath://td[contains(text(),'Samsung galaxy s6')]</arg>
<arg>10s</arg>
<doc>Waits until the element ``locator`` appears on the current page.</doc>
<status status="NOT RUN" start="2025-11-21T22:00:54.367724" elapsed="0.000039"/>
</kw>
<status status="FAIL" start="2025-11-21T22:00:54.351285" elapsed="0.016756">Variable '${browser}' not found.</status>
</test>
<status status="FAIL" start="2025-11-21T22:00:53.003346" elapsed="1.371722"/>
</suite>
<status status="FAIL" start="2025-11-21T22:00:53.000606" elapsed="1.375634"/>
</suite>
<status status="FAIL" start="2025-11-21T22:00:52.908759" elapsed="1.468101"/>
</suite>
<statistics>
<total>
<stat pass="0" fail="1" skip="0">All Tests</stat>
</total>
<tag>
</tag>
<suite>
<stat name="PythonProject" id="s1" pass="0" fail="1" skip="0">PythonProject</stat>
<stat name="Testcase" id="s1-s1" pass="0" fail="1" skip="0">PythonProject.Testcase</stat>
<stat name="Demoblaze" id="s1-s1-s1" pass="0" fail="1" skip="0">PythonProject.Testcase.Demoblaze</stat>
</suite>
</statistics>
<errors>
</errors>
</robot>
